2023-03-27 07:17:29.890 INFO  o.a.c.c.C.[Tomcat].[localhost].[/] - Initializing Spring DispatcherServlet 'dispatcherServlet'
2023-03-27 07:17:29.906 INFO  o.s.web.servlet.DispatcherServlet - Initializing Servlet 'dispatcherServlet'
2023-03-27 07:17:29.912 INFO  o.s.web.servlet.DispatcherServlet - Completed initialization in 6 ms
2023-03-27 07:17:30.065 INFO  c.I.S.app.Services.TeacherService - Created teacher : 1 : Laith alHooti : 1000.1 : Laith22t@gmail.com
2023-03-27 07:20:59.052 INFO  c.I.System.app.Application - Starting Application using Java 17.0.2 with PID 15120 (C:\Users\LAP-6\Documents\HTML\InstituteManagementSystem\System.app\target\classes started by LAP-6 in C:\Users\LAP-6\Documents\HTML\InstituteManagementSystem\System.app)
2023-03-27 07:20:59.052 INFO  c.I.System.app.Application - No active profile set, falling back to 1 default profile: "default"
2023-03-27 07:21:00.337 INFO  o.s.b.w.e.tomcat.TomcatWebServer - Tomcat initialized with port(s): 8080 (http)
2023-03-27 07:21:00.355 INFO  o.a.coyote.http11.Http11NioProtocol - Initializing ProtocolHandler ["http-nio-8080"]
2023-03-27 07:21:00.357 INFO  o.a.catalina.core.StandardService - Starting service [Tomcat]
2023-03-27 07:21:00.358 INFO  o.a.catalina.core.StandardEngine - Starting Servlet engine: [Apache Tomcat/10.1.5]
2023-03-27 07:21:00.510 INFO  o.a.c.c.C.[Tomcat].[localhost].[/] - Initializing Spring embedded WebApplicationContext
2023-03-27 07:21:00.510 INFO  o.s.b.w.s.c.ServletWebServerApplicationContext - Root WebApplicationContext: initialization completed in 1396 ms
2023-03-27 07:21:01.517 INFO  o.a.coyote.http11.Http11NioProtocol - Starting ProtocolHandler ["http-nio-8080"]
2023-03-27 07:21:01.540 INFO  o.s.b.w.e.tomcat.TomcatWebServer - Tomcat started on port(s): 8080 (http) with context path ''
2023-03-27 07:21:01.553 INFO  c.I.System.app.Application - Started Application in 2.871 seconds (process running for 3.554)
2023-03-27 07:22:29.196 INFO  o.a.c.c.C.[Tomcat].[localhost].[/] - Initializing Spring DispatcherServlet 'dispatcherServlet'
2023-03-27 07:22:29.196 INFO  o.s.web.servlet.DispatcherServlet - Initializing Servlet 'dispatcherServlet'
2023-03-27 07:22:29.196 INFO  o.s.web.servlet.DispatcherServlet - Completed initialization in 0 ms
2023-03-27 07:22:29.511 INFO  c.I.S.app.Services.TeacherService - Created teacher : 1 : Laith alHooti : 1000.1 : Laith22t@gmail.com
2023-03-27 07:27:56.004 INFO  o.s.api.AbstractOpenApiResource - Init duration for springdoc-openapi is: 301 ms
2023-03-27 08:19:58.043 INFO  c.I.System.app.Application - Starting Application using Java 17.0.2 with PID 5456 (C:\Users\LAP-6\Documents\HTML\InstituteManagementSystem\System.app\target\classes started by LAP-6 in C:\Users\LAP-6\Documents\HTML\InstituteManagementSystem\System.app)
2023-03-27 08:19:58.047 INFO  c.I.System.app.Application - No active profile set, falling back to 1 default profile: "default"
2023-03-27 08:19:59.141 INFO  o.s.b.w.e.tomcat.TomcatWebServer - Tomcat initialized with port(s): 8080 (http)
2023-03-27 08:19:59.153 INFO  o.a.coyote.http11.Http11NioProtocol - Initializing ProtocolHandler ["http-nio-8080"]
2023-03-27 08:19:59.154 INFO  o.a.catalina.core.StandardService - Starting service [Tomcat]
2023-03-27 08:19:59.154 INFO  o.a.catalina.core.StandardEngine - Starting Servlet engine: [Apache Tomcat/10.1.5]
2023-03-27 08:19:59.305 INFO  o.a.c.c.C.[Tomcat].[localhost].[/] - Initializing Spring embedded WebApplicationContext
2023-03-27 08:19:59.305 INFO  o.s.b.w.s.c.ServletWebServerApplicationContext - Root WebApplicationContext: initialization completed in 1207 ms
2023-03-27 08:20:00.253 INFO  o.a.coyote.http11.Http11NioProtocol - Starting ProtocolHandler ["http-nio-8080"]
2023-03-27 08:20:00.277 INFO  o.s.b.w.e.tomcat.TomcatWebServer - Tomcat started on port(s): 8080 (http) with context path ''
2023-03-27 08:20:00.288 INFO  c.I.System.app.Application - Started Application in 2.638 seconds (process running for 3.285)
2023-03-27 08:20:07.383 INFO  o.a.c.c.C.[Tomcat].[localhost].[/] - Initializing Spring DispatcherServlet 'dispatcherServlet'
2023-03-27 08:20:07.383 INFO  o.s.web.servlet.DispatcherServlet - Initializing Servlet 'dispatcherServlet'
2023-03-27 08:20:07.385 INFO  o.s.web.servlet.DispatcherServlet - Completed initialization in 1 ms
2023-03-27 08:20:15.777 INFO  c.I.S.app.Services.TeacherService - Created teacher : 1 : Laith alHooti : 1000.0 : Laith22t@gmail.com
2023-03-27 09:27:31.535 INFO  c.I.S.app.Services.TeacherService - Created teacher : 2 : Laith alHooti : 1000.0 : Laith22t@gmail.com
2023-03-27 09:27:43.861 INFO  c.I.S.app.Services.TeacherService - Created teacher : 3 : Aya : 1000.0 : 2222@gmail.com
2023-03-27 09:35:32.025 INFO  c.I.S.app.Services.TeacherService - Created teacher : 4 : aa : 566.0 : 2334@gmail.com
2023-03-27 09:42:32.278 INFO  c.I.System.app.Application - Starting Application using Java 17.0.2 with PID 5716 (C:\Users\LAP-6\Documents\HTML\InstituteManagementSystem\System.app\target\classes started by LAP-6 in C:\Users\LAP-6\Documents\HTML\InstituteManagementSystem\System.app)
2023-03-27 09:42:32.282 INFO  c.I.System.app.Application - No active profile set, falling back to 1 default profile: "default"
2023-03-27 09:42:33.540 INFO  o.s.b.w.e.tomcat.TomcatWebServer - Tomcat initialized with port(s): 8080 (http)
2023-03-27 09:42:33.553 INFO  o.a.coyote.http11.Http11NioProtocol - Initializing ProtocolHandler ["http-nio-8080"]
2023-03-27 09:42:33.554 INFO  o.a.catalina.core.StandardService - Starting service [Tomcat]
2023-03-27 09:42:33.554 INFO  o.a.catalina.core.StandardEngine - Starting Servlet engine: [Apache Tomcat/10.1.5]
2023-03-27 09:42:33.697 INFO  o.a.c.c.C.[Tomcat].[localhost].[/] - Initializing Spring embedded WebApplicationContext
2023-03-27 09:42:33.697 INFO  o.s.b.w.s.c.ServletWebServerApplicationContext - Root WebApplicationContext: initialization completed in 1359 ms
2023-03-27 09:42:34.817 INFO  o.a.coyote.http11.Http11NioProtocol - Starting ProtocolHandler ["http-nio-8080"]
2023-03-27 09:42:34.842 INFO  o.s.b.w.e.tomcat.TomcatWebServer - Tomcat started on port(s): 8080 (http) with context path ''
2023-03-27 09:42:34.855 INFO  c.I.System.app.Application - Started Application in 3.003 seconds (process running for 3.717)
2023-03-27 09:55:37.460 INFO  o.a.c.c.C.[Tomcat].[localhost].[/] - Initializing Spring DispatcherServlet 'dispatcherServlet'
2023-03-27 09:55:37.460 INFO  o.s.web.servlet.DispatcherServlet - Initializing Servlet 'dispatcherServlet'
2023-03-27 09:55:37.460 INFO  o.s.web.servlet.DispatcherServlet - Completed initialization in 0 ms
2023-03-27 09:55:38.477 INFO  o.s.api.AbstractOpenApiResource - Init duration for springdoc-openapi is: 721 ms
2023-03-27 10:52:36.215 INFO  c.I.S.app.Services.TeacherService - Created teacher : 1 : Laith alHooti : 300.0 : Laith22t@gmail.com
2023-03-27 11:01:14.009 INFO  c.I.S.app.Services.StudentService - Created student : 1 : Laith alHooti : Laith22t@gmail.com
2023-03-27 11:05:09.491 INFO  c.I.S.app.Services.StudentService - Created student : 2 : ss : ss
2023-03-27 11:46:59.302 INFO  c.I.System.app.Application - Starting Application using Java 17.0.2 with PID 16584 (C:\Users\LAP-6\Documents\HTML\InstituteManagementSystem\System.app\target\classes started by LAP-6 in C:\Users\LAP-6\Documents\HTML\InstituteManagementSystem\System.app)
2023-03-27 11:46:59.304 INFO  c.I.System.app.Application - No active profile set, falling back to 1 default profile: "default"
2023-03-27 11:47:00.581 INFO  o.s.b.w.e.tomcat.TomcatWebServer - Tomcat initialized with port(s): 8080 (http)
2023-03-27 11:47:00.596 INFO  o.a.coyote.http11.Http11NioProtocol - Initializing ProtocolHandler ["http-nio-8080"]
2023-03-27 11:47:00.598 INFO  o.a.catalina.core.StandardService - Starting service [Tomcat]
2023-03-27 11:47:00.598 INFO  o.a.catalina.core.StandardEngine - Starting Servlet engine: [Apache Tomcat/10.1.5]
2023-03-27 11:47:00.770 INFO  o.a.c.c.C.[Tomcat].[localhost].[/] - Initializing Spring embedded WebApplicationContext
2023-03-27 11:47:00.770 INFO  o.s.b.w.s.c.ServletWebServerApplicationContext - Root WebApplicationContext: initialization completed in 1407 ms
2023-03-27 11:47:01.842 INFO  o.a.coyote.http11.Http11NioProtocol - Starting ProtocolHandler ["http-nio-8080"]
2023-03-27 11:47:01.868 INFO  o.s.b.w.e.tomcat.TomcatWebServer - Tomcat started on port(s): 8080 (http) with context path ''
2023-03-27 11:47:01.880 INFO  c.I.System.app.Application - Started Application in 2.978 seconds (process running for 3.656)
2023-03-27 11:47:04.489 INFO  o.a.c.c.C.[Tomcat].[localhost].[/] - Initializing Spring DispatcherServlet 'dispatcherServlet'
2023-03-27 11:47:04.489 INFO  o.s.web.servlet.DispatcherServlet - Initializing Servlet 'dispatcherServlet'
2023-03-27 11:47:04.491 INFO  o.s.web.servlet.DispatcherServlet - Completed initialization in 0 ms
2023-03-27 11:47:11.656 INFO  c.I.S.app.Services.StudentService - Created student : 1 : Laith alHooti : Laith22t@gmail.com
2023-03-27 11:48:16.394 INFO  c.I.S.app.Services.TeacherService - Created teacher : 1 : qqqq : 5000.0 : Laith22t@gmail.com
2023-03-27 11:48:25.146 INFO  c.I.S.app.Services.TeacherService - Created teacher : 2 : 455 : 50005.0 : Laith22t@gmail.com
